build/app/intermediates/manifest_merge_blame_file/release/manifest-merger-blame-release-report.txt
1<?xml version="1.0" encoding="utf-8"?>
2<manifest xmlns:android="http://schemas.android.com/apk/res/android"
3    package="com.sportgames.liness.quiz"
4    android:versionCode="2"
5    android:versionName="2.0" >
6
7    <uses-sdk
8        android:minSdkVersion="26"
8-->src\main\AndroidManifest.xml
9        android:targetSdkVersion="33" />
9-->src\main\AndroidManifest.xml
10
11    <uses-permission android:name="android.permisssion.INTERNET" />
11-->src\main\AndroidManifest.xml:6:5-68
11-->src\main\AndroidManifest.xml:6:22-65
12    <uses-permission android:name="android.permission.INTERNET" />
12-->src\main\AndroidManifest.xml:7:5-67
12-->src\main\AndroidManifest.xml:7:22-64
13    <uses-permission android:name="android.permission.internet" />
13-->src\main\AndroidManifest.xml:8:5-67
13-->src\main\AndroidManifest.xml:8:22-64
14    <uses-permission android:name="android.permission.SET_WALLPAPER" />
14-->src\main\AndroidManifest.xml:9:5-72
14-->src\main\AndroidManifest.xml:9:22-69
15    <uses-permission android:name="android.permission.READ_EXTERNAL_STORAGE" />
15-->src\main\AndroidManifest.xml:10:5-80
15-->src\main\AndroidManifest.xml:10:22-77
16    <uses-permission android:name="android.permission.ACCESS_NETWORK_STATE" />
16-->src\main\AndroidManifest.xml:11:5-79
16-->src\main\AndroidManifest.xml:11:22-76
17    <uses-permission android:name="android.permission.ACCESS_COARSE_LOCATION" />
17-->src\main\AndroidManifest.xml:12:5-80
17-->src\main\AndroidManifest.xml:12:22-78
18
19    <!-- Create a unique permission for your app and use it so only your app can receive your OneSignal messages. -->
20    <permission
20-->[com.onesignal:OneSignal:4.4.0] AndroidManifest.xml:7:5-9:47
21        android:name="com.sportgames.liness.quiz.permission.C2D_MESSAGE"
21-->[com.onesignal:OneSignal:4.4.0] AndroidManifest.xml:8:9-63
22        android:protectionLevel="signature" />
22-->[com.onesignal:OneSignal:4.4.0] AndroidManifest.xml:9:9-44
23
24    <uses-permission android:name="com.sportgames.liness.quiz.permission.C2D_MESSAGE" /> <!-- c2dm RECEIVE are basic requirements for push messages through Google's FCM -->
24-->[com.onesignal:OneSignal:4.4.0] AndroidManifest.xml:11:5-79
24-->[com.onesignal:OneSignal:4.4.0] AndroidManifest.xml:11:22-76
25    <uses-permission android:name="com.google.android.c2dm.permission.RECEIVE" /> <!-- Required, makes sure notifications are delivered on time. -->
25-->[com.onesignal:OneSignal:4.4.0] AndroidManifest.xml:17:5-82
25-->[com.onesignal:OneSignal:4.4.0] AndroidManifest.xml:17:22-79
26    <uses-permission android:name="android.permission.WAKE_LOCK" />
26-->[com.onesignal:OneSignal:4.4.0] AndroidManifest.xml:18:5-68
26-->[com.onesignal:OneSignal:4.4.0] AndroidManifest.xml:18:22-65
27    <!--
28 Required so the device vibrates on receiving a push notification.
29         Vibration settings of the device still apply.
30    -->
31    <uses-permission android:name="android.permission.VIBRATE" />
31-->[com.onesignal:OneSignal:4.4.0] AndroidManifest.xml:23:5-66
31-->[com.onesignal:OneSignal:4.4.0] AndroidManifest.xml:23:22-63
32    <!--
33 Use to restore notifications the user hasn't interacted with.
34         They could be missed notifications if the user reboots their device if this isn't in place.
35    -->
36    <uses-permission android:name="android.permission.RECEIVE_BOOT_COMPLETED" /> <!-- START: ShortcutBadger -->
36-->[com.onesignal:OneSignal:4.4.0] AndroidManifest.xml:29:5-81
36-->[com.onesignal:OneSignal:4.4.0] AndroidManifest.xml:29:22-78
37    <!-- Samsung -->
38    <uses-permission android:name="com.sec.android.provider.badge.permission.READ" />
38-->[com.onesignal:OneSignal:4.4.0] AndroidManifest.xml:31:5-86
38-->[com.onesignal:OneSignal:4.4.0] AndroidManifest.xml:31:22-83
39    <uses-permission android:name="com.sec.android.provider.badge.permission.WRITE" /> <!-- HTC -->
39-->[com.onesignal:OneSignal:4.4.0] AndroidManifest.xml:32:5-87
39-->[com.onesignal:OneSignal:4.4.0] AndroidManifest.xml:32:22-84
40    <uses-permission android:name="com.htc.launcher.permission.READ_SETTINGS" />
40-->[com.onesignal:OneSignal:4.4.0] AndroidManifest.xml:33:5-81
40-->[com.onesignal:OneSignal:4.4.0] AndroidManifest.xml:33:22-78
41    <uses-permission android:name="com.htc.launcher.permission.UPDATE_SHORTCUT" /> <!-- Sony -->
41-->[com.onesignal:OneSignal:4.4.0] AndroidManifest.xml:34:5-83
41-->[com.onesignal:OneSignal:4.4.0] AndroidManifest.xml:34:22-80
42    <uses-permission android:name="com.sonyericsson.home.permission.BROADCAST_BADGE" />
42-->[com.onesignal:OneSignal:4.4.0] AndroidManifest.xml:35:5-88
42-->[com.onesignal:OneSignal:4.4.0] AndroidManifest.xml:35:22-85
43    <uses-permission android:name="com.sonymobile.home.permission.PROVIDER_INSERT_BADGE" /> <!-- Apex -->
43-->[com.onesignal:OneSignal:4.4.0] AndroidManifest.xml:36:5-92
43-->[com.onesignal:OneSignal:4.4.0] AndroidManifest.xml:36:22-89
44    <uses-permission android:name="com.anddoes.launcher.permission.UPDATE_COUNT" /> <!-- Solid -->
44-->[com.onesignal:OneSignal:4.4.0] AndroidManifest.xml:37:5-84
44-->[com.onesignal:OneSignal:4.4.0] AndroidManifest.xml:37:22-81
45    <uses-permission android:name="com.majeur.launcher.permission.UPDATE_BADGE" /> <!-- Huawei -->
45-->[com.onesignal:OneSignal:4.4.0] AndroidManifest.xml:38:5-83
45-->[com.onesignal:OneSignal:4.4.0] AndroidManifest.xml:38:22-80
46    <uses-permission android:name="com.huawei.android.launcher.permission.CHANGE_BADGE" />
46-->[com.onesignal:OneSignal:4.4.0] AndroidManifest.xml:39:5-91
46-->[com.onesignal:OneSignal:4.4.0] AndroidManifest.xml:39:22-88
47    <uses-permission android:name="com.huawei.android.launcher.permission.READ_SETTINGS" />
47-->[com.onesignal:OneSignal:4.4.0] AndroidManifest.xml:40:5-92
47-->[com.onesignal:OneSignal:4.4.0] AndroidManifest.xml:40:22-89
48    <uses-permission android:name="com.huawei.android.launcher.permission.WRITE_SETTINGS" /> <!-- ZUK -->
48-->[com.onesignal:OneSignal:4.4.0] AndroidManifest.xml:41:5-93
48-->[com.onesignal:OneSignal:4.4.0] AndroidManifest.xml:41:22-90
49    <uses-permission android:name="android.permission.READ_APP_BADGE" /> <!-- OPPO -->
49-->[com.onesignal:OneSignal:4.4.0] AndroidManifest.xml:42:5-73
49-->[com.onesignal:OneSignal:4.4.0] AndroidManifest.xml:42:22-70
50    <uses-permission android:name="com.oppo.launcher.permission.READ_SETTINGS" />
50-->[com.onesignal:OneSignal:4.4.0] AndroidManifest.xml:43:5-82
50-->[com.onesignal:OneSignal:4.4.0] AndroidManifest.xml:43:22-79
51    <uses-permission android:name="com.oppo.launcher.permission.WRITE_SETTINGS" /> <!-- EvMe -->
51-->[com.onesignal:OneSignal:4.4.0] AndroidManifest.xml:44:5-83
51-->[com.onesignal:OneSignal:4.4.0] AndroidManifest.xml:44:22-80
52    <uses-permission android:name="me.everything.badger.permission.BADGE_COUNT_READ" />
52-->[com.onesignal:OneSignal:4.4.0] AndroidManifest.xml:45:5-88
52-->[com.onesignal:OneSignal:4.4.0] AndroidManifest.xml:45:22-85
53    <uses-permission android:name="me.everything.badger.permission.BADGE_COUNT_WRITE" />
53-->[com.onesignal:OneSignal:4.4.0] AndroidManifest.xml:46:5-89
53-->[com.onesignal:OneSignal:4.4.0] AndroidManifest.xml:46:22-86
54    <uses-permission android:name="com.google.android.finsky.permission.BIND_GET_INSTALL_REFERRER_SERVICE" />
54-->[com.google.android.gms:play-services-measurement:19.0.1] AndroidManifest.xml:26:5-110
54-->[com.google.android.gms:play-services-measurement:19.0.1] AndroidManifest.xml:26:22-107
55    <uses-permission android:name="android.permission.FOREGROUND_SERVICE" />
55-->[androidx.work:work-runtime:2.8.0] AndroidManifest.xml:26:5-77
55-->[androidx.work:work-runtime:2.8.0] AndroidManifest.xml:26:22-74
56
57    <permission
57-->[androidx.core:core:1.9.0] AndroidManifest.xml:22:5-24:47
58        android:name="com.sportgames.liness.quiz.DYNAMIC_RECEIVER_NOT_EXPORTED_PERMISSION"
58-->[androidx.core:core:1.9.0] AndroidManifest.xml:23:9-81
59        android:protectionLevel="signature" />
59-->[androidx.core:core:1.9.0] AndroidManifest.xml:24:9-44
60
61    <uses-permission android:name="com.sportgames.liness.quiz.DYNAMIC_RECEIVER_NOT_EXPORTED_PERMISSION" />
61-->[androidx.core:core:1.9.0] AndroidManifest.xml:26:5-97
61-->[androidx.core:core:1.9.0] AndroidManifest.xml:26:22-94
62
63    <application
63-->src\main\AndroidManifest.xml:14:5-85:19
64        android:name="com.sportgames.liness.quiz.App"
64-->src\main\AndroidManifest.xml:15:9-28
65        android:allowBackup="true"
65-->src\main\AndroidManifest.xml:16:9-35
66        android:appComponentFactory="androidx.core.app.CoreComponentFactory"
66-->[androidx.core:core:1.9.0] AndroidManifest.xml:28:18-86
67        android:extractNativeLibs="false"
68        android:icon="@mipmap/ic_launcher_icons"
68-->src\main\AndroidManifest.xml:17:9-49
69        android:label="@string/app_name"
69-->src\main\AndroidManifest.xml:18:9-41
70        android:roundIcon="@mipmap/ic_launcher_icons_foreground"
70-->src\main\AndroidManifest.xml:19:9-65
71        android:supportsRtl="true"
71-->src\main\AndroidManifest.xml:20:9-35
72        android:theme="@style/Theme.SportGamesLines"
72-->src\main\AndroidManifest.xml:22:9-53
73        android:usesCleartextTraffic="true" >
73-->src\main\AndroidManifest.xml:21:9-44
74        <activity
74-->src\main\AndroidManifest.xml:24:9-33:20
75            android:name="com.sportgames.liness.quiz.SplashActivity"
75-->src\main\AndroidManifest.xml:25:13-43
76            android:configChanges="locale"
76-->src\main\AndroidManifest.xml:26:13-43
77            android:exported="true" >
77-->src\main\AndroidManifest.xml:27:13-36
78            <intent-filter>
78-->src\main\AndroidManifest.xml:28:13-32:29
79                <action android:name="android.intent.action.MAIN" />
79-->src\main\AndroidManifest.xml:29:17-69
79-->src\main\AndroidManifest.xml:29:25-66
80
81                <category android:name="android.intent.category.LAUNCHER" />
81-->src\main\AndroidManifest.xml:31:17-77
81-->src\main\AndroidManifest.xml:31:27-74
82            </intent-filter>
83        </activity>
84        <activity
84-->src\main\AndroidManifest.xml:34:9-37:40
85            android:name="com.sportgames.liness.quiz.DiffActivity"
85-->src\main\AndroidManifest.xml:35:13-41
86            android:configChanges="locale"
86-->src\main\AndroidManifest.xml:36:13-43
87            android:exported="false" />
87-->src\main\AndroidManifest.xml:37:13-37
88        <activity
88-->src\main\AndroidManifest.xml:38:9-41:40
89            android:name="com.sportgames.liness.quiz.OptionsActivity"
89-->src\main\AndroidManifest.xml:39:13-44
90            android:configChanges="locale"
90-->src\main\AndroidManifest.xml:40:13-43
91            android:exported="false" />
91-->src\main\AndroidManifest.xml:41:13-37
92        <activity
92-->src\main\AndroidManifest.xml:42:9-45:40
93            android:name="com.sportgames.liness.quiz.GameActivity"
93-->src\main\AndroidManifest.xml:43:13-41
94            android:configChanges="locale"
94-->src\main\AndroidManifest.xml:44:13-43
95            android:exported="false" />
95-->src\main\AndroidManifest.xml:45:13-37
96        <activity
96-->src\main\AndroidManifest.xml:46:9-48:40
97            android:name="com.sportgames.liness.quiz.PrivacyActivity"
97-->src\main\AndroidManifest.xml:47:13-44
98            android:exported="false" />
98-->src\main\AndroidManifest.xml:48:13-37
99        <activity
99-->src\main\AndroidManifest.xml:49:9-59:20
100            android:name="com.sportgames.liness.quiz.MainActivity"
100-->src\main\AndroidManifest.xml:50:13-41
101            android:configChanges="locale"
101-->src\main\AndroidManifest.xml:51:13-43
102            android:exported="true" >
102-->src\main\AndroidManifest.xml:52:13-36
103            <intent-filter>
103-->src\main\AndroidManifest.xml:53:13-58:29
104                <category android:name="android.intent.category.DEFAULT" />
104-->src\main\AndroidManifest.xml:54:17-76
104-->src\main\AndroidManifest.xml:54:27-73
105                <category android:name="android.intent.category.BROWSABLE" />
105-->src\main\AndroidManifest.xml:55:17-78
105-->src\main\AndroidManifest.xml:55:27-75
106
107                <data android:scheme="open.special.app" />
107-->src\main\AndroidManifest.xml:56:17-59
107-->src\main\AndroidManifest.xml:56:23-56
108
109                <action android:name="android.intent.action.VIEW" />
109-->src\main\AndroidManifest.xml:57:17-69
109-->src\main\AndroidManifest.xml:57:25-66
110            </intent-filter>
111        </activity>
112
113        <receiver
113-->src\main\AndroidManifest.xml:61:9-66:20
114            android:name="com.onesignal.BootUpReceiver"
114-->src\main\AndroidManifest.xml:61:19-62
115            android:exported="true" >
115-->src\main\AndroidManifest.xml:61:64-87
116            <intent-filter>
116-->src\main\AndroidManifest.xml:62:13-65:29
117                <action android:name="android.intent.action.BOOT_COMPLETED" />
117-->src\main\AndroidManifest.xml:63:17-79
117-->src\main\AndroidManifest.xml:63:25-76
118                <action android:name="android.intent.action.QUICKBOOT_POWERON" />
118-->src\main\AndroidManifest.xml:64:17-82
118-->src\main\AndroidManifest.xml:64:25-79
119            </intent-filter>
120        </receiver>
121
122        <activity
122-->src\main\AndroidManifest.xml:68:9-69:38
123            android:name="com.onesignal.NotificationOpenedActivityHMS"
123-->src\main\AndroidManifest.xml:68:19-77
124            android:exported="true"
124-->src\main\AndroidManifest.xml:69:13-36
125            android:noHistory="true"
125-->[com.onesignal:OneSignal:4.4.0] AndroidManifest.xml:71:13-37
126            android:theme="@android:style/Theme.Translucent.NoTitleBar" >
126-->[com.onesignal:OneSignal:4.4.0] AndroidManifest.xml:72:13-72
127            <intent-filter>
127-->[com.onesignal:OneSignal:4.4.0] AndroidManifest.xml:73:13-75:29
128                <action android:name="android.intent.action.VIEW" />
128-->src\main\AndroidManifest.xml:57:17-69
128-->src\main\AndroidManifest.xml:57:25-66
129            </intent-filter>
130        </activity>
131
132        <receiver
132-->src\main\AndroidManifest.xml:70:9-71:38
133            android:name="com.onesignal.FCMBroadcastReceiver"
133-->src\main\AndroidManifest.xml:70:19-68
134            android:exported="true"
134-->src\main\AndroidManifest.xml:71:13-36
135            android:permission="com.google.android.c2dm.permission.SEND" > <!-- High priority so OneSignal payloads can be filtered from other FCM receivers -->
135-->[com.onesignal:OneSignal:4.4.0] AndroidManifest.xml:51:13-73
136            <intent-filter android:priority="999" >
136-->[com.onesignal:OneSignal:4.4.0] AndroidManifest.xml:54:13-58:29
136-->[com.onesignal:OneSignal:4.4.0] AndroidManifest.xml:54:28-50
137                <action android:name="com.google.android.c2dm.intent.RECEIVE" />
137-->[com.onesignal:OneSignal:4.4.0] AndroidManifest.xml:55:17-81
137-->[com.onesignal:OneSignal:4.4.0] AndroidManifest.xml:55:25-78
138
139                <category android:name="com.sportgames.liness.quiz" />
139-->[com.onesignal:OneSignal:4.4.0] AndroidManifest.xml:57:17-61
139-->[com.onesignal:OneSignal:4.4.0] AndroidManifest.xml:57:27-58
140            </intent-filter>
141        </receiver>
142        <receiver
142-->src\main\AndroidManifest.xml:73:9-77:20
143            android:name="com.onesignal.UpgradeReceiver"
143-->src\main\AndroidManifest.xml:73:19-63
144            android:exported="true" >
144-->src\main\AndroidManifest.xml:73:64-87
145            <intent-filter>
145-->src\main\AndroidManifest.xml:74:13-76:29
146                <action android:name="android.intent.action.MY_PACKAGE_REPLACED" />
146-->src\main\AndroidManifest.xml:75:17-84
146-->src\main\AndroidManifest.xml:75:25-81
147            </intent-filter>
148        </receiver>
149        <receiver
149-->src\main\AndroidManifest.xml:73:9-77:20
150            android:name="com.onesignal.UpgradeReceiver"
150-->src\main\AndroidManifest.xml:73:19-63
151            android:exported="true" >
151-->src\main\AndroidManifest.xml:73:64-87
152            <intent-filter>
152-->src\main\AndroidManifest.xml:74:13-76:29
153                <action android:name="android.intent.action.MY_PACKAGE_REPLACED" />
153-->src\main\AndroidManifest.xml:75:17-84
153-->src\main\AndroidManifest.xml:75:25-81
154            </intent-filter>
155        </receiver>
156
157        <service
157-->[com.onesignal:OneSignal:4.4.0] AndroidManifest.xml:61:9-67:19
158            android:name="com.onesignal.HmsMessageServiceOneSignal"
158-->[com.onesignal:OneSignal:4.4.0] AndroidManifest.xml:62:13-68
159            android:exported="false" >
159-->[com.onesignal:OneSignal:4.4.0] AndroidManifest.xml:63:13-37
160            <intent-filter>
160-->[com.onesignal:OneSignal:4.4.0] AndroidManifest.xml:64:13-66:29
161                <action android:name="com.huawei.push.action.MESSAGING_EVENT" />
161-->[com.onesignal:OneSignal:4.4.0] AndroidManifest.xml:65:17-81
161-->[com.onesignal:OneSignal:4.4.0] AndroidManifest.xml:65:25-78
162            </intent-filter>
163        </service>
164        <service android:name="com.onesignal.FCMIntentService" />
164-->[com.onesignal:OneSignal:4.4.0] AndroidManifest.xml:78:9-66
164-->[com.onesignal:OneSignal:4.4.0] AndroidManifest.xml:78:18-63
165        <service
165-->[com.onesignal:OneSignal:4.4.0] AndroidManifest.xml:79:9-81:72
166            android:name="com.onesignal.FCMIntentJobService"
166-->[com.onesignal:OneSignal:4.4.0] AndroidManifest.xml:80:13-61
167            android:permission="android.permission.BIND_JOB_SERVICE" />
167-->[com.onesignal:OneSignal:4.4.0] AndroidManifest.xml:81:13-69
168        <service
168-->[com.onesignal:OneSignal:4.4.0] AndroidManifest.xml:82:9-84:43
169            android:name="com.onesignal.FocusDelaySyncService"
169-->[com.onesignal:OneSignal:4.4.0] AndroidManifest.xml:83:13-63
170            android:stopWithTask="true" />
170-->[com.onesignal:OneSignal:4.4.0] AndroidManifest.xml:84:13-40
171        <service
171-->[com.onesignal:OneSignal:4.4.0] AndroidManifest.xml:85:9-87:72
172            android:name="com.onesignal.FocusDelaySyncJobService"
172-->[com.onesignal:OneSignal:4.4.0] AndroidManifest.xml:86:13-66
173            android:permission="android.permission.BIND_JOB_SERVICE" />
173-->[com.onesignal:OneSignal:4.4.0] AndroidManifest.xml:87:13-69
174        <service
174-->[com.onesignal:OneSignal:4.4.0] AndroidManifest.xml:88:9-90:43
175            android:name="com.onesignal.SyncService"
175-->[com.onesignal:OneSignal:4.4.0] AndroidManifest.xml:89:13-53
176            android:stopWithTask="true" />
176-->[com.onesignal:OneSignal:4.4.0] AndroidManifest.xml:90:13-40
177        <service
177-->[com.onesignal:OneSignal:4.4.0] AndroidManifest.xml:91:9-93:72
178            android:name="com.onesignal.SyncJobService"
178-->[com.onesignal:OneSignal:4.4.0] AndroidManifest.xml:92:13-56
179            android:permission="android.permission.BIND_JOB_SERVICE" />
179-->[com.onesignal:OneSignal:4.4.0] AndroidManifest.xml:93:13-69
180
181        <activity
181-->[com.onesignal:OneSignal:4.4.0] AndroidManifest.xml:95:9-97:75
182            android:name="com.onesignal.PermissionsActivity"
182-->[com.onesignal:OneSignal:4.4.0] AndroidManifest.xml:96:13-61
183            android:theme="@android:style/Theme.Translucent.NoTitleBar" />
183-->[com.onesignal:OneSignal:4.4.0] AndroidManifest.xml:97:13-72
184
185        <receiver android:name="com.onesignal.NotificationDismissReceiver" />
185-->[com.onesignal:OneSignal:4.4.0] AndroidManifest.xml:99:9-78
185-->[com.onesignal:OneSignal:4.4.0] AndroidManifest.xml:99:19-75
186
187        <activity
187-->[com.onesignal:OneSignal:4.4.0] AndroidManifest.xml:112:9-115:75
188            android:name="com.onesignal.NotificationOpenedReceiver"
188-->[com.onesignal:OneSignal:4.4.0] AndroidManifest.xml:113:13-68
189            android:noHistory="true"
189-->[com.onesignal:OneSignal:4.4.0] AndroidManifest.xml:114:13-37
190            android:theme="@android:style/Theme.Translucent.NoTitleBar" />
190-->[com.onesignal:OneSignal:4.4.0] AndroidManifest.xml:115:13-72
191        <activity
191-->[com.google.android.gms:play-services-base:17.0.0] AndroidManifest.xml:23:9-26:75
192            android:name="com.google.android.gms.common.api.GoogleApiActivity"
192-->[com.google.android.gms:play-services-base:17.0.0] AndroidManifest.xml:24:13-79
193            android:exported="false"
193-->[com.google.android.gms:play-services-base:17.0.0] AndroidManifest.xml:25:13-37
194            android:theme="@android:style/Theme.Translucent.NoTitleBar" />
194-->[com.google.android.gms:play-services-base:17.0.0] AndroidManifest.xml:26:13-72
195
196        <receiver
196-->[com.google.firebase:firebase-messaging:22.0.0] AndroidManifest.xml:28:9-35:20
197            android:name="com.google.firebase.iid.FirebaseInstanceIdReceiver"
197-->[com.google.firebase:firebase-messaging:22.0.0] AndroidManifest.xml:29:13-78
198            android:exported="true"
198-->[com.google.firebase:firebase-messaging:22.0.0] AndroidManifest.xml:30:13-36
199            android:permission="com.google.android.c2dm.permission.SEND" >
199-->[com.google.firebase:firebase-messaging:22.0.0] AndroidManifest.xml:31:13-73
200            <intent-filter>
200-->[com.google.firebase:firebase-messaging:22.0.0] AndroidManifest.xml:32:13-34:29
201                <action android:name="com.google.android.c2dm.intent.RECEIVE" />
201-->[com.onesignal:OneSignal:4.4.0] AndroidManifest.xml:55:17-81
201-->[com.onesignal:OneSignal:4.4.0] AndroidManifest.xml:55:25-78
202            </intent-filter>
203        </receiver>
204        <!--
205             FirebaseMessagingService performs security checks at runtime,
206             but set to not exported to explicitly avoid allowing another app to call it.
207        -->
208        <service
208-->[com.google.firebase:firebase-messaging:22.0.0] AndroidManifest.xml:41:9-48:19
209            android:name="com.google.firebase.messaging.FirebaseMessagingService"
209-->[com.google.firebase:firebase-messaging:22.0.0] AndroidManifest.xml:42:13-82
210            android:directBootAware="true"
210-->[com.google.firebase:firebase-messaging:22.0.0] AndroidManifest.xml:43:13-43
211            android:exported="false" >
211-->[com.google.firebase:firebase-messaging:22.0.0] AndroidManifest.xml:44:13-37
212            <intent-filter android:priority="-500" >
212-->[com.google.firebase:firebase-messaging:22.0.0] AndroidManifest.xml:45:13-47:29
212-->[com.google.firebase:firebase-messaging:22.0.0] AndroidManifest.xml:45:28-51
213                <action android:name="com.google.firebase.MESSAGING_EVENT" />
213-->[com.google.firebase:firebase-messaging:22.0.0] AndroidManifest.xml:46:17-78
213-->[com.google.firebase:firebase-messaging:22.0.0] AndroidManifest.xml:46:25-75
214            </intent-filter>
215        </service>
216        <service
216-->[com.google.firebase:firebase-messaging:22.0.0] AndroidManifest.xml:49:9-55:19
217            android:name="com.google.firebase.components.ComponentDiscoveryService"
217-->[com.google.firebase:firebase-messaging:22.0.0] AndroidManifest.xml:50:13-84
218            android:directBootAware="true"
218-->[com.google.firebase:firebase-common:20.0.0] AndroidManifest.xml:35:13-43
219            android:exported="false" >
219-->[com.google.firebase:firebase-messaging:22.0.0] AndroidManifest.xml:51:13-37
220            <meta-data
220-->[com.google.firebase:firebase-messaging:22.0.0] AndroidManifest.xml:52:13-54:85
221                android:name="com.google.firebase.components:com.google.firebase.messaging.FirebaseMessagingRegistrar"
221-->[com.google.firebase:firebase-messaging:22.0.0] AndroidManifest.xml:53:17-119
222                android:value="com.google.firebase.components.ComponentRegistrar" />
222-->[com.google.firebase:firebase-messaging:22.0.0] AndroidManifest.xml:54:17-82
223            <meta-data
223-->[com.google.firebase:firebase-analytics-ktx:19.0.1] AndroidManifest.xml:11:13-13:85
224                android:name="com.google.firebase.components:com.google.firebase.analytics.ktx.FirebaseAnalyticsKtxRegistrar"
224-->[com.google.firebase:firebase-analytics-ktx:19.0.1] AndroidManifest.xml:12:17-126
225                android:value="com.google.firebase.components.ComponentRegistrar" />
225-->[com.google.firebase:firebase-analytics-ktx:19.0.1] AndroidManifest.xml:13:17-82
226            <meta-data
226-->[com.google.firebase:firebase-common-ktx:20.0.0] AndroidManifest.xml:15:13-17:85
227                android:name="com.google.firebase.components:com.google.firebase.ktx.FirebaseCommonKtxRegistrar"
227-->[com.google.firebase:firebase-common-ktx:20.0.0] AndroidManifest.xml:16:17-113
228                android:value="com.google.firebase.components.ComponentRegistrar" />
228-->[com.google.firebase:firebase-common-ktx:20.0.0] AndroidManifest.xml:17:17-82
229            <meta-data
229-->[com.google.firebase:firebase-datatransport:18.0.0] AndroidManifest.xml:28:13-30:85
230                android:name="com.google.firebase.components:com.google.firebase.datatransport.TransportRegistrar"
230-->[com.google.firebase:firebase-datatransport:18.0.0] AndroidManifest.xml:29:17-115
231                android:value="com.google.firebase.components.ComponentRegistrar" />
231-->[com.google.firebase:firebase-datatransport:18.0.0] AndroidManifest.xml:30:17-82
232            <meta-data
232-->[com.google.android.gms:play-services-measurement-api:19.0.1] AndroidManifest.xml:30:13-32:85
233                android:name="com.google.firebase.components:com.google.firebase.analytics.connector.internal.AnalyticsConnectorRegistrar"
233-->[com.google.android.gms:play-services-measurement-api:19.0.1] AndroidManifest.xml:31:17-139
234                android:value="com.google.firebase.components.ComponentRegistrar" />
234-->[com.google.android.gms:play-services-measurement-api:19.0.1] AndroidManifest.xml:32:17-82
235            <meta-data
235-->[com.google.firebase:firebase-installations:17.0.0] AndroidManifest.xml:18:13-20:85
236                android:name="com.google.firebase.components:com.google.firebase.installations.FirebaseInstallationsRegistrar"
236-->[com.google.firebase:firebase-installations:17.0.0] AndroidManifest.xml:19:17-127
237                android:value="com.google.firebase.components.ComponentRegistrar" />
237-->[com.google.firebase:firebase-installations:17.0.0] AndroidManifest.xml:20:17-82
238        </service>
239
240        <provider
240-->[com.google.firebase:firebase-common:20.0.0] AndroidManifest.xml:26:9-31:39
241            android:name="com.google.firebase.provider.FirebaseInitProvider"
241-->[com.google.firebase:firebase-common:20.0.0] AndroidManifest.xml:27:13-77
242            android:authorities="com.sportgames.liness.quiz.firebaseinitprovider"
242-->[com.google.firebase:firebase-common:20.0.0] AndroidManifest.xml:28:13-72
243            android:directBootAware="true"
243-->[com.google.firebase:firebase-common:20.0.0] AndroidManifest.xml:29:13-43
244            android:exported="false"
244-->[com.google.firebase:firebase-common:20.0.0] AndroidManifest.xml:30:13-37
245            android:initOrder="100" />
245-->[com.google.firebase:firebase-common:20.0.0] AndroidManifest.xml:31:13-36
246
247        <receiver
247-->[com.google.android.gms:play-services-measurement:19.0.1] AndroidManifest.xml:29:9-33:20
248            android:name="com.google.android.gms.measurement.AppMeasurementReceiver"
248-->[com.google.android.gms:play-services-measurement:19.0.1] AndroidManifest.xml:30:13-85
249            android:enabled="true"
249-->[com.google.android.gms:play-services-measurement:19.0.1] AndroidManifest.xml:31:13-35
250            android:exported="false" >
250-->[com.google.android.gms:play-services-measurement:19.0.1] AndroidManifest.xml:32:13-37
251        </receiver>
252
253        <service
253-->[com.google.android.gms:play-services-measurement:19.0.1] AndroidManifest.xml:35:9-38:40
254            android:name="com.google.android.gms.measurement.AppMeasurementService"
254-->[com.google.android.gms:play-services-measurement:19.0.1] AndroidManifest.xml:36:13-84
255            android:enabled="true"
255-->[com.google.android.gms:play-services-measurement:19.0.1] AndroidManifest.xml:37:13-35
256            android:exported="false" />
256-->[com.google.android.gms:play-services-measurement:19.0.1] AndroidManifest.xml:38:13-37
257        <service
257-->[com.google.android.gms:play-services-measurement:19.0.1] AndroidManifest.xml:39:9-43:72
258            android:name="com.google.android.gms.measurement.AppMeasurementJobService"
258-->[com.google.android.gms:play-services-measurement:19.0.1] AndroidManifest.xml:40:13-87
259            android:enabled="true"
259-->[com.google.android.gms:play-services-measurement:19.0.1] AndroidManifest.xml:41:13-35
260            android:exported="false"
260-->[com.google.android.gms:play-services-measurement:19.0.1] AndroidManifest.xml:42:13-37
261            android:permission="android.permission.BIND_JOB_SERVICE" />
261-->[com.google.android.gms:play-services-measurement:19.0.1] AndroidManifest.xml:43:13-69
262
263        <meta-data
263-->[com.google.android.gms:play-services-basement:17.0.0] AndroidManifest.xml:23:9-25:69
264            android:name="com.google.android.gms.version"
264-->[com.google.android.gms:play-services-basement:17.0.0] AndroidManifest.xml:24:13-58
265            android:value="@integer/google_play_services_version" />
265-->[com.google.android.gms:play-services-basement:17.0.0] AndroidManifest.xml:25:13-66
266
267        <provider
267-->[androidx.work:work-runtime:2.8.0] AndroidManifest.xml:29:9-37:20
268            android:name="androidx.startup.InitializationProvider"
268-->[androidx.work:work-runtime:2.8.0] AndroidManifest.xml:30:13-67
269            android:authorities="com.sportgames.liness.quiz.androidx-startup"
269-->[androidx.work:work-runtime:2.8.0] AndroidManifest.xml:31:13-68